{
  "stats": {
    "suites": 2,
    "tests": 2,
    "passes": 2,
    "pending": 0,
    "failures": 0,
    "start": "2025-09-09T16:22:36.429Z",
    "end": "2025-09-09T16:22:36.497Z",
    "duration": 68,
    "testsRegistered": 2,
    "passPercent": 100,
    "pendingPercent": 0,
    "other": 0,
    "hasOther": false,
    "skipped": 0,
    "hasSkipped": false
  },
  "results": [
    {
      "uuid": "a3752aab-d04d-43bf-8a38-7ed3e91aa96b",
      "title": "",
      "fullFile": "C:\\Users\\AnaLígiaBragagnolo\\Ana-Pos\\pgats-2025-02-base\\test\\graphql\\external\\checkout-graphql.test.js",
      "file": "\\test\\graphql\\external\\checkout-graphql.test.js",
      "beforeHooks": [],
      "afterHooks": [],
      "tests": [],
      "suites": [
        {
          "uuid": "eb9f9375-5f79-42a2-91fc-2e4e1a8057dc",
          "title": "Checkout",
          "fullFile": "C:\\Users\\AnaLígiaBragagnolo\\Ana-Pos\\pgats-2025-02-base\\test\\graphql\\external\\checkout-graphql.test.js",
          "file": "\\test\\graphql\\external\\checkout-graphql.test.js",
          "beforeHooks": [],
          "afterHooks": [],
          "tests": [],
          "suites": [
            {
              "uuid": "d43b5d3b-2050-413a-a0c3-186e9a7191f3",
              "title": "POST /login",
              "fullFile": "C:\\Users\\AnaLígiaBragagnolo\\Ana-Pos\\pgats-2025-02-base\\test\\graphql\\external\\checkout-graphql.test.js",
              "file": "\\test\\graphql\\external\\checkout-graphql.test.js",
              "beforeHooks": [
                {
                  "title": "\"before each\" hook in \"POST /login\"",
                  "fullTitle": "Checkout POST /login \"before each\" hook in \"POST /login\"",
                  "timedOut": false,
                  "duration": 5,
                  "state": null,
                  "speed": null,
                  "pass": false,
                  "fail": false,
                  "pending": false,
                  "context": null,
                  "code": "const respostaLogin = await request(process.env.BASE_URL_GRAPHQL)\n    .post('/api/users/login')\n    .send({\n        query: `\n            mutation {\n                login(email: \"bob@email.com\", password: \"123456\") {\n                    token\n                }\n            }\n        `\n    });\ntoken = respostaLogin.body.data.login.token;",
                  "err": {},
                  "uuid": "80e27287-1af7-485d-91d8-09d5da8acc12",
                  "parentUUID": "d43b5d3b-2050-413a-a0c3-186e9a7191f3",
                  "isHook": true,
                  "skipped": false
                }
              ],
              "afterHooks": [],
              "tests": [
                {
                  "title": "Deve retornar erro ao tentar registrar email já cadastrado",
                  "fullTitle": "Checkout POST /login Deve retornar erro ao tentar registrar email já cadastrado",
                  "timedOut": false,
                  "duration": 6,
                  "state": "passed",
                  "speed": "fast",
                  "pass": true,
                  "fail": false,
                  "pending": false,
                  "context": null,
                  "code": "const resposta = await request(process.env.BASE_URL_GRAPHQL)\n    .post('/api/register')\n    .send({\n        query: `\n            mutation {\n                register(name: \"bob\", email: \"bob@email.com\", password: \"123456\") {\n                    name\n                    email}\n            } \n        `\n    });\n        \nexpect(resposta.status).to.equal(200);\nexpect(resposta.body.errors[0].message).to.equal(\"Email já cadastrado\");",
                  "err": {},
                  "uuid": "93776220-7864-4b8c-bc58-1beffb77f3bf",
                  "parentUUID": "d43b5d3b-2050-413a-a0c3-186e9a7191f3",
                  "isHook": false,
                  "skipped": false
                },
                {
                  "title": "Deve calcular o valor final quando informo produto, quantidade e frete",
                  "fullTitle": "Checkout POST /login Deve calcular o valor final quando informo produto, quantidade e frete",
                  "timedOut": false,
                  "duration": 5,
                  "state": "passed",
                  "speed": "fast",
                  "pass": true,
                  "fail": false,
                  "pending": false,
                  "context": null,
                  "code": "const resposta = await request(process.env.BASE_URL_GRAPHQL)\n    .post('/api/checkout')\n    .set('Authorization', `Bearer ${token}`)\n    .send({\n        query: `\n            mutation {\n                checkout(items: [{ productId: 1, quantity: 2 }],freight: 10, paymentMethod: \"boleto\") {\n                    valorFinal}\n            }   \n        `\n    });\n        \nexpect(resposta.status).to.equal(200);\nexpect(resposta.body.data.checkout.valorFinal).to.equal(210)",
                  "err": {},
                  "uuid": "94b1807e-4ff7-4449-a1fc-a4242c830e97",
                  "parentUUID": "d43b5d3b-2050-413a-a0c3-186e9a7191f3",
                  "isHook": false,
                  "skipped": false
                }
              ],
              "suites": [],
              "passes": [
                "93776220-7864-4b8c-bc58-1beffb77f3bf",
                "94b1807e-4ff7-4449-a1fc-a4242c830e97"
              ],
              "failures": [],
              "pending": [],
              "skipped": [],
              "duration": 11,
              "root": false,
              "rootEmpty": false,
              "_timeout": 10000
            }
          ],
          "passes": [],
          "failures": [],
          "pending": [],
          "skipped": [],
          "duration": 0,
          "root": false,
          "rootEmpty": false,
          "_timeout": 10000
        }
      ],
      "passes": [],
      "failures": [],
      "pending": [],
      "skipped": [],
      "duration": 0,
      "root": true,
      "rootEmpty": true,
      "_timeout": 10000
    }
  ],
  "meta": {
    "mocha": {
      "version": "11.7.2"
    },
    "mochawesome": {
      "options": {
        "quiet": false,
        "reportFilename": "mochawesome",
        "saveHtml": true,
        "saveJson": true,
        "consoleReporter": "spec",
        "useInlineDiffs": false,
        "code": true
      },
      "version": "7.1.3"
    },
    "marge": {
      "options": null,
      "version": "6.2.0"
    }
  }
}