{
  "stats": {
    "suites": 2,
    "tests": 2,
    "passes": 2,
    "pending": 0,
    "failures": 0,
    "start": "2025-09-09T13:57:30.110Z",
    "end": "2025-09-09T13:57:30.171Z",
    "duration": 61,
    "testsRegistered": 2,
    "passPercent": 100,
    "pendingPercent": 0,
    "other": 0,
    "hasOther": false,
    "skipped": 0,
    "hasSkipped": false
  },
  "results": [
    {
      "uuid": "100de380-54ac-4f95-92bf-0864d38f36c0",
      "title": "",
      "fullFile": "C:\\Users\\AnaLígiaBragagnolo\\Ana-Pos\\pgats-2025-02-base\\test\\graphql\\external\\checkout-graphql.test.js",
      "file": "\\test\\graphql\\external\\checkout-graphql.test.js",
      "beforeHooks": [],
      "afterHooks": [],
      "tests": [],
      "suites": [
        {
          "uuid": "2e792e51-1071-490f-a885-11560a858e3a",
          "title": "Checkout",
          "fullFile": "C:\\Users\\AnaLígiaBragagnolo\\Ana-Pos\\pgats-2025-02-base\\test\\graphql\\external\\checkout-graphql.test.js",
          "file": "\\test\\graphql\\external\\checkout-graphql.test.js",
          "beforeHooks": [],
          "afterHooks": [],
          "tests": [],
          "suites": [
            {
              "uuid": "99fbdaba-9c3e-4d30-9b42-5601a024c1b3",
              "title": "POST /login",
              "fullFile": "C:\\Users\\AnaLígiaBragagnolo\\Ana-Pos\\pgats-2025-02-base\\test\\graphql\\external\\checkout-graphql.test.js",
              "file": "\\test\\graphql\\external\\checkout-graphql.test.js",
              "beforeHooks": [
                {
                  "title": "\"before each\" hook in \"POST /login\"",
                  "fullTitle": "Checkout POST /login \"before each\" hook in \"POST /login\"",
                  "timedOut": false,
                  "duration": 4,
                  "state": null,
                  "speed": null,
                  "pass": false,
                  "fail": false,
                  "pending": false,
                  "context": null,
                  "code": "const respostaLogin = await request(process.env.BASE_URL_GRAPHQL)\n    .post('/api/users/login')\n    .send({\n        query: `\n            mutation {\n                login(email: \"ana@gmail.com\", password: \"123456\") {\n                    token\n                }\n            }\n        `\n    });\ntoken = respostaLogin.body.data.login.token;",
                  "err": {},
                  "uuid": "665efc4b-be03-4b64-b61d-f497ca8d2de3",
                  "parentUUID": "99fbdaba-9c3e-4d30-9b42-5601a024c1b3",
                  "isHook": true,
                  "skipped": false
                }
              ],
              "afterHooks": [],
              "tests": [
                {
                  "title": "Deve retornar erro ao tentar registrar email já cadastrado",
                  "fullTitle": "Checkout POST /login Deve retornar erro ao tentar registrar email já cadastrado",
                  "timedOut": false,
                  "duration": 7,
                  "state": "passed",
                  "speed": "fast",
                  "pass": true,
                  "fail": false,
                  "pending": false,
                  "context": null,
                  "code": "const resposta = await request(process.env.BASE_URL_GRAPHQL)\n    .post('/api/register')\n    .send({\n        query: `\n            mutation {\n                register(name: \"analigia\", email: \"ana@gmail.com\", password: \"123456\") {\n                    name\n                    email}\n            } \n        `\n    });\n        \nexpect(resposta.status).to.equal(200);\nexpect(resposta.body.errors[0].message).to.equal(\"Email já cadastrado\");",
                  "err": {},
                  "uuid": "70ca0bf7-bf11-4711-a54d-2afb09fcb1eb",
                  "parentUUID": "99fbdaba-9c3e-4d30-9b42-5601a024c1b3",
                  "isHook": false,
                  "skipped": false
                },
                {
                  "title": "Deve calcular o valor final quando informo produto, quantidade e frete",
                  "fullTitle": "Checkout POST /login Deve calcular o valor final quando informo produto, quantidade e frete",
                  "timedOut": false,
                  "duration": 5,
                  "state": "passed",
                  "speed": "fast",
                  "pass": true,
                  "fail": false,
                  "pending": false,
                  "context": null,
                  "code": "const resposta = await request(process.env.BASE_URL_GRAPHQL)\n    .post('/api/checkout')\n    .set('Authorization', `Bearer ${token}`)\n    .send({\n        query: `\n            mutation {\n                checkout(items: [{ productId: 1, quantity: 2 }],freight: 10, paymentMethod: \"boleto\") {\n                    valorFinal}\n            }   \n        `\n    });\n        \nexpect(resposta.status).to.equal(200);\nexpect(resposta.body.data.checkout.valorFinal).to.equal(210)",
                  "err": {},
                  "uuid": "afd1fb1b-d426-4132-99af-fe73a3d8604a",
                  "parentUUID": "99fbdaba-9c3e-4d30-9b42-5601a024c1b3",
                  "isHook": false,
                  "skipped": false
                }
              ],
              "suites": [],
              "passes": [
                "70ca0bf7-bf11-4711-a54d-2afb09fcb1eb",
                "afd1fb1b-d426-4132-99af-fe73a3d8604a"
              ],
              "failures": [],
              "pending": [],
              "skipped": [],
              "duration": 12,
              "root": false,
              "rootEmpty": false,
              "_timeout": 10000
            }
          ],
          "passes": [],
          "failures": [],
          "pending": [],
          "skipped": [],
          "duration": 0,
          "root": false,
          "rootEmpty": false,
          "_timeout": 10000
        }
      ],
      "passes": [],
      "failures": [],
      "pending": [],
      "skipped": [],
      "duration": 0,
      "root": true,
      "rootEmpty": true,
      "_timeout": 10000
    }
  ],
  "meta": {
    "mocha": {
      "version": "11.7.2"
    },
    "mochawesome": {
      "options": {
        "quiet": false,
        "reportFilename": "mochawesome",
        "saveHtml": true,
        "saveJson": true,
        "consoleReporter": "spec",
        "useInlineDiffs": false,
        "code": true
      },
      "version": "7.1.3"
    },
    "marge": {
      "options": null,
      "version": "6.2.0"
    }
  }
}